<?xml version="1.0" encoding="UTF-8"?>
<!-- Generated by org.testng.reporters.JUnitReportReporter -->
<testsuite skipped="0" hostname="sandeep406701" name="com.rest.api.PlaceOrderApi" tests="21" failures="0" timestamp="10 Jan 2019 03:19:26 GMT" time="1.809" errors="0">
  <testcase name="test_06_verify_order_not_placed_with_incorrect_end_point" time="0.018" classname="com.rest.api.PlaceOrderApi"/>
  <testcase name="test_03_verify_order_not_placed_with_invalid_time_format" time="0.020" classname="com.rest.api.PlaceOrderApi"/>
  <testcase name="test_06_verify_order_not_placed_with_incorrect_end_point" time="0.017" classname="com.rest.api.PlaceOrderApi"/>
  <testcase name="test_04_verify_order_not_placed_with_incorrect_location_of_one_stop" time="0.018" classname="com.rest.api.PlaceOrderApi"/>
  <testcase name="test_05_verify_order_not_placed_with_incorrect_locations_of_stops" time="0.019" classname="com.rest.api.PlaceOrderApi"/>
  <testcase name="test_06_verify_order_not_placed_with_incorrect_end_point" time="0.018" classname="com.rest.api.PlaceOrderApi"/>
  <testcase name="test_01_verify_placing_an_order" time="0.063" classname="com.rest.api.PlaceOrderApi"/>
  <testcase name="test_06_verify_order_not_placed_with_incorrect_end_point" time="0.017" classname="com.rest.api.PlaceOrderApi"/>
  <testcase name="test_06_verify_order_not_placed_with_incorrect_end_point" time="0.016" classname="com.rest.api.PlaceOrderApi"/>
  <testcase name="test_03_verify_order_not_placed_with_invalid_time_format" time="0.021" classname="com.rest.api.PlaceOrderApi"/>
  <testcase name="test_07_verify_order_not_placed_in_past_time" time="0.016" classname="com.rest.api.PlaceOrderApi"/>
  <testcase name="test_03_verify_order_not_placed_with_invalid_time_format" time="0.020" classname="com.rest.api.PlaceOrderApi"/>
  <testcase name="test_02_verify_placing_an_order_at_specific_time" time="0.098" classname="com.rest.api.PlaceOrderApi"/>
  <testcase name="test_04_verify_order_not_placed_with_incorrect_location_of_one_stop" time="0.020" classname="com.rest.api.PlaceOrderApi"/>
  <testcase name="test_03_verify_order_not_placed_with_invalid_time_format" time="1.266" classname="com.rest.api.PlaceOrderApi"/>
  <testcase name="test_03_verify_order_not_placed_with_invalid_time_format" time="0.034" classname="com.rest.api.PlaceOrderApi"/>
  <testcase name="test_08_verify_order_not_placed_with_identical_two_stops" time="0.018" classname="com.rest.api.PlaceOrderApi"/>
  <testcase name="test_06_verify_order_not_placed_with_incorrect_end_point" time="0.018" classname="com.rest.api.PlaceOrderApi"/>
  <testcase name="test_03_verify_order_not_placed_with_invalid_time_format" time="0.025" classname="com.rest.api.PlaceOrderApi"/>
  <testcase name="test_06_verify_order_not_placed_with_incorrect_end_point" time="0.049" classname="com.rest.api.PlaceOrderApi"/>
  <testcase name="test_05_verify_order_not_placed_with_incorrect_locations_of_stops" time="0.018" classname="com.rest.api.PlaceOrderApi"/>
</testsuite> <!-- com.rest.api.PlaceOrderApi -->
