<?xml version="1.0" encoding="UTF-8"?>
<!-- Generated by org.testng.reporters.JUnitReportReporter -->
<testsuite skipped="0" hostname="sandeep406701" name="com.rest.api.putApiTakeOrder" tests="16" failures="0" timestamp="08 Jan 2019 11:29:21 GMT" time="16.486" errors="0">
  <testcase name="test_03_verify_order_not_taken_with_invalid_end_point" time="0.783" classname="com.rest.api.putApiTakeOrder"/>
  <testcase name="test_01_verify_take_order_with_specific_order_id" time="0.658" classname="com.rest.api.putApiTakeOrder"/>
  <testcase name="test_03_verify_order_not_taken_with_invalid_end_point" time="0.733" classname="com.rest.api.putApiTakeOrder"/>
  <testcase name="test_03_verify_order_not_taken_with_invalid_end_point" time="0.626" classname="com.rest.api.putApiTakeOrder"/>
  <testcase name="test_02_verify_order_not_taken_with_invalid_order_id" time="0.617" classname="com.rest.api.putApiTakeOrder"/>
  <testcase name="test_03_verify_order_not_taken_with_invalid_end_point" time="0.604" classname="com.rest.api.putApiTakeOrder"/>
  <testcase name="test_02_verify_order_not_taken_with_invalid_order_id" time="3.684" classname="com.rest.api.putApiTakeOrder"/>
  <testcase name="test_04_verify_order_not_taken_without_placing_it" time="0.024" classname="com.rest.api.putApiTakeOrder"/>
  <testcase name="test_02_verify_order_not_taken_with_invalid_order_id" time="3.742" classname="com.rest.api.putApiTakeOrder"/>
  <testcase name="test_03_verify_order_not_taken_with_invalid_end_point" time="0.683" classname="com.rest.api.putApiTakeOrder"/>
  <testcase name="test_02_verify_order_not_taken_with_invalid_order_id" time="0.684" classname="com.rest.api.putApiTakeOrder"/>
  <testcase name="test_03_verify_order_not_taken_with_invalid_end_point" time="0.914" classname="com.rest.api.putApiTakeOrder"/>
  <testcase name="test_02_verify_order_not_taken_with_invalid_order_id" time="0.698" classname="com.rest.api.putApiTakeOrder"/>
  <testcase name="test_02_verify_order_not_taken_with_invalid_order_id" time="0.679" classname="com.rest.api.putApiTakeOrder"/>
  <testcase name="test_03_verify_order_not_taken_with_invalid_end_point" time="0.679" classname="com.rest.api.putApiTakeOrder"/>
  <testcase name="test_03_verify_order_not_taken_with_invalid_end_point" time="0.678" classname="com.rest.api.putApiTakeOrder"/>
</testsuite> <!-- com.rest.api.putApiTakeOrder -->
