<?xml version="1.0" encoding="UTF-8"?>
<!-- Generated by org.testng.reporters.JUnitReportReporter -->
<testsuite skipped="0" hostname="sandeep406701" name="com.rest.api.putApiCompleteOrder" tests="17" failures="0" timestamp="08 Jan 2019 05:33:20 GMT" time="18.176" errors="0">
  <testcase name="test_02_verify_order_not_completed_with_invalid_order_id" time="0.709" classname="com.rest.api.putApiCompleteOrder"/>
  <testcase name="test_03_verify_order_not_completed_with_invalid_end_point" time="0.635" classname="com.rest.api.putApiCompleteOrder"/>
  <testcase name="test_03_verify_order_not_completed_with_invalid_end_point" time="0.757" classname="com.rest.api.putApiCompleteOrder"/>
  <testcase name="test_02_verify_order_not_completed_with_invalid_order_id" time="0.699" classname="com.rest.api.putApiCompleteOrder"/>
  <testcase name="test_03_verify_order_not_completed_with_invalid_end_point" time="0.681" classname="com.rest.api.putApiCompleteOrder"/>
  <testcase name="test_03_verify_order_not_completed_with_invalid_end_point" time="0.992" classname="com.rest.api.putApiCompleteOrder"/>
  <testcase name="test_04_verify_order_not_completed_without_placing_it" time="0.018" classname="com.rest.api.putApiCompleteOrder"/>
  <testcase name="test_02_verify_order_not_completed_with_invalid_order_id" time="0.721" classname="com.rest.api.putApiCompleteOrder"/>
  <testcase name="test_03_verify_order_not_completed_with_invalid_end_point" time="0.715" classname="com.rest.api.putApiCompleteOrder"/>
  <testcase name="test_03_verify_order_not_completed_with_invalid_end_point" time="0.695" classname="com.rest.api.putApiCompleteOrder"/>
  <testcase name="test_01_verify_complete_an_ongoing_order_with_specific_order_id" time="4.187" classname="com.rest.api.putApiCompleteOrder"/>
  <testcase name="test_05_verify_order_not_completed_for_an_already_completed_order_with_specific_order_id" time="0.680" classname="com.rest.api.putApiCompleteOrder"/>
  <testcase name="test_03_verify_order_not_completed_with_invalid_end_point" time="3.725" classname="com.rest.api.putApiCompleteOrder"/>
  <testcase name="test_02_verify_order_not_completed_with_invalid_order_id" time="0.658" classname="com.rest.api.putApiCompleteOrder"/>
  <testcase name="test_02_verify_order_not_completed_with_invalid_order_id" time="0.818" classname="com.rest.api.putApiCompleteOrder"/>
  <testcase name="test_02_verify_order_not_completed_with_invalid_order_id" time="0.785" classname="com.rest.api.putApiCompleteOrder"/>
  <testcase name="test_03_verify_order_not_completed_with_invalid_end_point" time="0.701" classname="com.rest.api.putApiCompleteOrder"/>
</testsuite> <!-- com.rest.api.putApiCompleteOrder -->
