<?xml version="1.0" encoding="UTF-8"?>
<!-- Generated by org.testng.reporters.JUnitReportReporter -->
<testsuite skipped="0" hostname="sandeep406701" name="com.rest.api.CompleteOrderPutApi" tests="17" failures="0" timestamp="09 Jan 2019 12:00:39 GMT" time="0.058" errors="0">
  <testcase name="test_02_verify_order_not_completed_with_invalid_order_id" time="0.001" classname="com.rest.api.CompleteOrderPutApi"/>
  <testcase name="test_03_verify_order_not_completed_with_invalid_end_point" time="0.001" classname="com.rest.api.CompleteOrderPutApi"/>
  <testcase name="test_02_verify_order_not_completed_with_invalid_order_id" time="0.000" classname="com.rest.api.CompleteOrderPutApi"/>
  <testcase name="test_03_verify_order_not_completed_with_invalid_end_point" time="0.001" classname="com.rest.api.CompleteOrderPutApi"/>
  <testcase name="test_03_verify_order_not_completed_with_invalid_end_point" time="0.001" classname="com.rest.api.CompleteOrderPutApi"/>
  <testcase name="test_01_verify_complete_an_ongoing_order_with_specific_order_id" time="0.001" classname="com.rest.api.CompleteOrderPutApi"/>
  <testcase name="test_02_verify_order_not_completed_with_invalid_order_id" time="0.001" classname="com.rest.api.CompleteOrderPutApi"/>
  <testcase name="test_02_verify_order_not_completed_with_invalid_order_id" time="0.001" classname="com.rest.api.CompleteOrderPutApi"/>
  <testcase name="test_03_verify_order_not_completed_with_invalid_end_point" time="0.001" classname="com.rest.api.CompleteOrderPutApi"/>
  <testcase name="test_02_verify_order_not_completed_with_invalid_order_id" time="0.001" classname="com.rest.api.CompleteOrderPutApi"/>
  <testcase name="test_03_verify_order_not_completed_with_invalid_end_point" time="0.007" classname="com.rest.api.CompleteOrderPutApi"/>
  <testcase name="test_04_verify_order_not_completed_without_placing_it" time="0.036" classname="com.rest.api.CompleteOrderPutApi"/>
  <testcase name="test_05_verify_order_not_completed_for_an_already_completed_order_with_specific_order_id" time="0.001" classname="com.rest.api.CompleteOrderPutApi"/>
  <testcase name="test_03_verify_order_not_completed_with_invalid_end_point" time="0.001" classname="com.rest.api.CompleteOrderPutApi"/>
  <testcase name="test_02_verify_order_not_completed_with_invalid_order_id" time="0.001" classname="com.rest.api.CompleteOrderPutApi"/>
  <testcase name="test_03_verify_order_not_completed_with_invalid_end_point" time="0.002" classname="com.rest.api.CompleteOrderPutApi"/>
  <testcase name="test_03_verify_order_not_completed_with_invalid_end_point" time="0.001" classname="com.rest.api.CompleteOrderPutApi"/>
</testsuite> <!-- com.rest.api.CompleteOrderPutApi -->
