<?xml version="1.0" encoding="UTF-8"?>
<!-- Generated by org.testng.reporters.JUnitReportReporter -->
<testsuite skipped="0" hostname="sandeep406701" name="com.rest.api.TakeOrderPutApi" tests="16" failures="0" timestamp="09 Jan 2019 12:00:39 GMT" time="0.288" errors="0">
  <testcase name="test_03_verify_order_not_taken_with_invalid_end_point" time="0.018" classname="com.rest.api.TakeOrderPutApi"/>
  <testcase name="test_03_verify_order_not_taken_with_invalid_end_point" time="0.017" classname="com.rest.api.TakeOrderPutApi"/>
  <testcase name="test_01_verify_take_order_with_specific_order_id" time="0.001" classname="com.rest.api.TakeOrderPutApi"/>
  <testcase name="test_03_verify_order_not_taken_with_invalid_end_point" time="0.019" classname="com.rest.api.TakeOrderPutApi"/>
  <testcase name="test_02_verify_order_not_taken_with_invalid_order_id" time="0.026" classname="com.rest.api.TakeOrderPutApi"/>
  <testcase name="test_02_verify_order_not_taken_with_invalid_order_id" time="0.015" classname="com.rest.api.TakeOrderPutApi"/>
  <testcase name="test_02_verify_order_not_taken_with_invalid_order_id" time="0.019" classname="com.rest.api.TakeOrderPutApi"/>
  <testcase name="test_03_verify_order_not_taken_with_invalid_end_point" time="0.017" classname="com.rest.api.TakeOrderPutApi"/>
  <testcase name="test_03_verify_order_not_taken_with_invalid_end_point" time="0.019" classname="com.rest.api.TakeOrderPutApi"/>
  <testcase name="test_02_verify_order_not_taken_with_invalid_order_id" time="0.017" classname="com.rest.api.TakeOrderPutApi"/>
  <testcase name="test_03_verify_order_not_taken_with_invalid_end_point" time="0.019" classname="com.rest.api.TakeOrderPutApi"/>
  <testcase name="test_03_verify_order_not_taken_with_invalid_end_point" time="0.021" classname="com.rest.api.TakeOrderPutApi"/>
  <testcase name="test_04_verify_order_not_taken_without_placing_it" time="0.023" classname="com.rest.api.TakeOrderPutApi"/>
  <testcase name="test_02_verify_order_not_taken_with_invalid_order_id" time="0.018" classname="com.rest.api.TakeOrderPutApi"/>
  <testcase name="test_03_verify_order_not_taken_with_invalid_end_point" time="0.022" classname="com.rest.api.TakeOrderPutApi"/>
  <testcase name="test_02_verify_order_not_taken_with_invalid_order_id" time="0.017" classname="com.rest.api.TakeOrderPutApi"/>
</testsuite> <!-- com.rest.api.TakeOrderPutApi -->
