<?xml version="1.0" encoding="UTF-8"?>
<!-- Generated by org.testng.reporters.JUnitReportReporter -->
<testsuite skipped="0" hostname="sandeep406701" name="com.rest.api.putApi" tests="16" failures="0" timestamp="08 Jan 2019 04:07:26 GMT" time="11.550" errors="0">
  <testcase name="test_03_take_order_with_invalid_end_point" time="0.764" classname="com.rest.api.putApi"/>
  <testcase name="test_02_take_order_with_invalid_order_id" time="0.610" classname="com.rest.api.putApi"/>
  <testcase name="test_02_take_order_with_invalid_order_id" time="0.835" classname="com.rest.api.putApi"/>
  <testcase name="test_03_take_order_with_invalid_end_point" time="0.572" classname="com.rest.api.putApi"/>
  <testcase name="test_03_take_order_with_invalid_end_point" time="0.462" classname="com.rest.api.putApi"/>
  <testcase name="test_03_take_order_with_invalid_end_point" time="0.528" classname="com.rest.api.putApi"/>
  <testcase name="test_03_take_order_with_invalid_end_point" time="0.610" classname="com.rest.api.putApi"/>
  <testcase name="test_02_take_order_with_invalid_order_id" time="0.596" classname="com.rest.api.putApi"/>
  <testcase name="test_03_take_order_with_invalid_end_point" time="0.585" classname="com.rest.api.putApi"/>
  <testcase name="test_02_take_order_with_invalid_order_id" time="0.676" classname="com.rest.api.putApi"/>
  <testcase name="test_03_take_order_with_invalid_end_point" time="0.594" classname="com.rest.api.putApi"/>
  <testcase name="test_02_take_order_with_invalid_order_id" time="0.587" classname="com.rest.api.putApi"/>
  <testcase name="test_02_take_order_with_invalid_order_id" time="0.638" classname="com.rest.api.putApi"/>
  <testcase name="test_01_take_order_with_specific_order_id" time="2.978" classname="com.rest.api.putApi"/>
  <testcase name="test_04_take_order_without_placing_it" time="0.020" classname="com.rest.api.putApi"/>
  <testcase name="test_03_take_order_with_invalid_end_point" time="0.495" classname="com.rest.api.putApi"/>
</testsuite> <!-- com.rest.api.putApi -->
