<?xml version="1.0" encoding="UTF-8"?>
<!-- Generated by org.testng.reporters.JUnitReportReporter -->
<testsuite skipped="0" hostname="sandeep406701" name="com.rest.api.putApiCompleteOrder" tests="17" failures="0" timestamp="08 Jan 2019 06:34:26 GMT" time="14.501" errors="0">
  <testcase name="test_02_verify_order_not_completed_with_invalid_order_id" time="0.694" classname="com.rest.api.putApiCompleteOrder"/>
  <testcase name="test_03_verify_order_not_completed_with_invalid_end_point" time="0.710" classname="com.rest.api.putApiCompleteOrder"/>
  <testcase name="test_02_verify_order_not_completed_with_invalid_order_id" time="0.583" classname="com.rest.api.putApiCompleteOrder"/>
  <testcase name="test_02_verify_order_not_completed_with_invalid_order_id" time="0.622" classname="com.rest.api.putApiCompleteOrder"/>
  <testcase name="test_04_verify_order_not_completed_without_placing_it" time="0.029" classname="com.rest.api.putApiCompleteOrder"/>
  <testcase name="test_02_verify_order_not_completed_with_invalid_order_id" time="0.660" classname="com.rest.api.putApiCompleteOrder"/>
  <testcase name="test_02_verify_order_not_completed_with_invalid_order_id" time="0.694" classname="com.rest.api.putApiCompleteOrder"/>
  <testcase name="test_03_verify_order_not_completed_with_invalid_end_point" time="1.457" classname="com.rest.api.putApiCompleteOrder"/>
  <testcase name="test_02_verify_order_not_completed_with_invalid_order_id" time="0.692" classname="com.rest.api.putApiCompleteOrder"/>
  <testcase name="test_03_verify_order_not_completed_with_invalid_end_point" time="0.605" classname="com.rest.api.putApiCompleteOrder"/>
  <testcase name="test_03_verify_order_not_completed_with_invalid_end_point" time="0.695" classname="com.rest.api.putApiCompleteOrder"/>
  <testcase name="test_05_verify_order_not_completed_for_an_already_completed_order_with_specific_order_id" time="0.694" classname="com.rest.api.putApiCompleteOrder"/>
  <testcase name="test_03_verify_order_not_completed_with_invalid_end_point" time="0.702" classname="com.rest.api.putApiCompleteOrder"/>
  <testcase name="test_03_verify_order_not_completed_with_invalid_end_point" time="3.681" classname="com.rest.api.putApiCompleteOrder"/>
  <testcase name="test_03_verify_order_not_completed_with_invalid_end_point" time="0.671" classname="com.rest.api.putApiCompleteOrder"/>
  <testcase name="test_01_verify_complete_an_ongoing_order_with_specific_order_id" time="0.624" classname="com.rest.api.putApiCompleteOrder"/>
  <testcase name="test_03_verify_order_not_completed_with_invalid_end_point" time="0.688" classname="com.rest.api.putApiCompleteOrder"/>
</testsuite> <!-- com.rest.api.putApiCompleteOrder -->
