<?xml version="1.0" encoding="UTF-8"?>
<!-- Generated by org.testng.reporters.JUnitReportReporter -->
<testsuite skipped="0" hostname="sandeep406701" name="com.rest.api.FetchOrderApi" tests="14" failures="0" timestamp="10 Jan 2019 03:17:32 GMT" time="0.219" errors="0">
  <testcase name="test_03_verify_order_not_retrieved_with_invalid_end_point" time="0.015" classname="com.rest.api.FetchOrderApi"/>
  <testcase name="test_02_verify_order_not_retrieved_with_invalid_order_id" time="0.015" classname="com.rest.api.FetchOrderApi"/>
  <testcase name="test_01_verify_retrieve_valid_order_with_id" time="0.001" classname="com.rest.api.FetchOrderApi"/>
  <testcase name="test_03_verify_order_not_retrieved_with_invalid_end_point" time="0.015" classname="com.rest.api.FetchOrderApi"/>
  <testcase name="test_02_verify_order_not_retrieved_with_invalid_order_id" time="0.019" classname="com.rest.api.FetchOrderApi"/>
  <testcase name="test_02_verify_order_not_retrieved_with_invalid_order_id" time="0.017" classname="com.rest.api.FetchOrderApi"/>
  <testcase name="test_03_verify_order_not_retrieved_with_invalid_end_point" time="0.015" classname="com.rest.api.FetchOrderApi"/>
  <testcase name="test_03_verify_order_not_retrieved_with_invalid_end_point" time="0.012" classname="com.rest.api.FetchOrderApi"/>
  <testcase name="test_03_verify_order_not_retrieved_with_invalid_end_point" time="0.018" classname="com.rest.api.FetchOrderApi"/>
  <testcase name="test_02_verify_order_not_retrieved_with_invalid_order_id" time="0.019" classname="com.rest.api.FetchOrderApi"/>
  <testcase name="test_03_verify_order_not_retrieved_with_invalid_end_point" time="0.016" classname="com.rest.api.FetchOrderApi"/>
  <testcase name="test_03_verify_order_not_retrieved_with_invalid_end_point" time="0.013" classname="com.rest.api.FetchOrderApi"/>
  <testcase name="test_02_verify_order_not_retrieved_with_invalid_order_id" time="0.015" classname="com.rest.api.FetchOrderApi"/>
  <testcase name="test_02_verify_order_not_retrieved_with_invalid_order_id" time="0.029" classname="com.rest.api.FetchOrderApi"/>
</testsuite> <!-- com.rest.api.FetchOrderApi -->
