<?xml version="1.0" encoding="UTF-8"?>
<!-- Generated by org.testng.reporters.JUnitReportReporter -->
<testsuite skipped="0" hostname="sandeep406701" name="com.rest.api.PutApiTakeOrder" tests="16" failures="0" timestamp="09 Jan 2019 07:09:46 GMT" time="17.230" errors="0">
  <testcase name="test_02_verify_order_not_taken_with_invalid_order_id" time="0.494" classname="com.rest.api.PutApiTakeOrder"/>
  <testcase name="test_01_verify_take_order_with_specific_order_id" time="2.283" classname="com.rest.api.PutApiTakeOrder"/>
  <testcase name="test_03_verify_order_not_taken_with_invalid_end_point" time="0.755" classname="com.rest.api.PutApiTakeOrder"/>
  <testcase name="test_03_verify_order_not_taken_with_invalid_end_point" time="0.723" classname="com.rest.api.PutApiTakeOrder"/>
  <testcase name="test_03_verify_order_not_taken_with_invalid_end_point" time="0.740" classname="com.rest.api.PutApiTakeOrder"/>
  <testcase name="test_03_verify_order_not_taken_with_invalid_end_point" time="4.354" classname="com.rest.api.PutApiTakeOrder"/>
  <testcase name="test_02_verify_order_not_taken_with_invalid_order_id" time="0.447" classname="com.rest.api.PutApiTakeOrder"/>
  <testcase name="test_04_verify_order_not_taken_without_placing_it" time="0.027" classname="com.rest.api.PutApiTakeOrder"/>
  <testcase name="test_03_verify_order_not_taken_with_invalid_end_point" time="2.882" classname="com.rest.api.PutApiTakeOrder"/>
  <testcase name="test_02_verify_order_not_taken_with_invalid_order_id" time="0.541" classname="com.rest.api.PutApiTakeOrder"/>
  <testcase name="test_03_verify_order_not_taken_with_invalid_end_point" time="0.695" classname="com.rest.api.PutApiTakeOrder"/>
  <testcase name="test_03_verify_order_not_taken_with_invalid_end_point" time="0.718" classname="com.rest.api.PutApiTakeOrder"/>
  <testcase name="test_02_verify_order_not_taken_with_invalid_order_id" time="0.486" classname="com.rest.api.PutApiTakeOrder"/>
  <testcase name="test_02_verify_order_not_taken_with_invalid_order_id" time="0.490" classname="com.rest.api.PutApiTakeOrder"/>
  <testcase name="test_02_verify_order_not_taken_with_invalid_order_id" time="0.669" classname="com.rest.api.PutApiTakeOrder"/>
  <testcase name="test_03_verify_order_not_taken_with_invalid_end_point" time="0.926" classname="com.rest.api.PutApiTakeOrder"/>
</testsuite> <!-- com.rest.api.PutApiTakeOrder -->
