<?xml version="1.0" encoding="UTF-8"?>
<!-- Generated by org.testng.reporters.JUnitReportReporter -->
<testsuite skipped="0" hostname="sandeep406701" name="com.rest.api.CancelOrderPutApi" tests="19" failures="0" timestamp="09 Jan 2019 12:00:39 GMT" time="0.332" errors="0">
  <testcase name="test_05_verify_order_not_cancelled_with_invalid_order_id" time="0.022" classname="com.rest.api.CancelOrderPutApi"/>
  <testcase name="test_01_verify_cancel_an_assigned_order_with_specific_order_id" time="0.001" classname="com.rest.api.CancelOrderPutApi"/>
  <testcase name="test_05_verify_order_not_cancelled_with_invalid_order_id" time="0.031" classname="com.rest.api.CancelOrderPutApi"/>
  <testcase name="test_06_verify_order_not_cancelled_with_invalid_end_point" time="0.021" classname="com.rest.api.CancelOrderPutApi"/>
  <testcase name="test_05_verify_order_not_cancelled_with_invalid_order_id" time="0.019" classname="com.rest.api.CancelOrderPutApi"/>
  <testcase name="test_05_verify_order_not_cancelled_with_invalid_order_id" time="0.029" classname="com.rest.api.CancelOrderPutApi"/>
  <testcase name="test_06_verify_order_not_cancelled_with_invalid_end_point" time="0.017" classname="com.rest.api.CancelOrderPutApi"/>
  <testcase name="test_03_verify_order_not_cancelled_for_an_already_completed_order_with_specific_order_id" time="0.001" classname="com.rest.api.CancelOrderPutApi"/>
  <testcase name="test_05_verify_order_not_cancelled_with_invalid_order_id" time="0.019" classname="com.rest.api.CancelOrderPutApi"/>
  <testcase name="test_02_verify_cancel_an_ongoing_order_with_specific_order_id" time="0.001" classname="com.rest.api.CancelOrderPutApi"/>
  <testcase name="test_06_verify_order_not_cancelled_with_invalid_end_point" time="0.022" classname="com.rest.api.CancelOrderPutApi"/>
  <testcase name="test_06_verify_order_not_cancelled_with_invalid_end_point" time="0.024" classname="com.rest.api.CancelOrderPutApi"/>
  <testcase name="test_06_verify_order_not_cancelled_with_invalid_end_point" time="0.022" classname="com.rest.api.CancelOrderPutApi"/>
  <testcase name="test_06_verify_order_not_cancelled_with_invalid_end_point" time="0.020" classname="com.rest.api.CancelOrderPutApi"/>
  <testcase name="test_04_verify_order_not_cancelled_an_already_cancelled_order_with_specific_order_id" time="0.001" classname="com.rest.api.CancelOrderPutApi"/>
  <testcase name="test_06_verify_order_not_cancelled_with_invalid_end_point" time="0.023" classname="com.rest.api.CancelOrderPutApi"/>
  <testcase name="test_05_verify_order_not_cancelled_with_invalid_order_id" time="0.020" classname="com.rest.api.CancelOrderPutApi"/>
  <testcase name="test_06_verify_order_not_cancelled_with_invalid_end_point" time="0.020" classname="com.rest.api.CancelOrderPutApi"/>
  <testcase name="test_07_verify_order_not_cancelled_without_placing_it" time="0.019" classname="com.rest.api.CancelOrderPutApi"/>
</testsuite> <!-- com.rest.api.CancelOrderPutApi -->
