<?xml version="1.0" encoding="UTF-8"?>
<!-- Generated by org.testng.reporters.JUnitReportReporter -->
<testsuite skipped="0" hostname="sandeep406701" name="com.rest.api.putApiTakeOrder" tests="16" failures="0" timestamp="08 Jan 2019 06:34:26 GMT" time="9.510" errors="0">
  <testcase name="test_03_verify_order_not_taken_with_invalid_end_point" time="0.676" classname="com.rest.api.putApiTakeOrder"/>
  <testcase name="test_01_verify_take_order_with_specific_order_id" time="0.615" classname="com.rest.api.putApiTakeOrder"/>
  <testcase name="test_03_verify_order_not_taken_with_invalid_end_point" time="0.641" classname="com.rest.api.putApiTakeOrder"/>
  <testcase name="test_03_verify_order_not_taken_with_invalid_end_point" time="0.668" classname="com.rest.api.putApiTakeOrder"/>
  <testcase name="test_02_verify_order_not_taken_with_invalid_order_id" time="0.659" classname="com.rest.api.putApiTakeOrder"/>
  <testcase name="test_03_verify_order_not_taken_with_invalid_end_point" time="0.600" classname="com.rest.api.putApiTakeOrder"/>
  <testcase name="test_02_verify_order_not_taken_with_invalid_order_id" time="0.592" classname="com.rest.api.putApiTakeOrder"/>
  <testcase name="test_04_verify_order_not_taken_without_placing_it" time="0.020" classname="com.rest.api.putApiTakeOrder"/>
  <testcase name="test_02_verify_order_not_taken_with_invalid_order_id" time="0.546" classname="com.rest.api.putApiTakeOrder"/>
  <testcase name="test_03_verify_order_not_taken_with_invalid_end_point" time="0.593" classname="com.rest.api.putApiTakeOrder"/>
  <testcase name="test_02_verify_order_not_taken_with_invalid_order_id" time="0.580" classname="com.rest.api.putApiTakeOrder"/>
  <testcase name="test_03_verify_order_not_taken_with_invalid_end_point" time="0.578" classname="com.rest.api.putApiTakeOrder"/>
  <testcase name="test_02_verify_order_not_taken_with_invalid_order_id" time="0.711" classname="com.rest.api.putApiTakeOrder"/>
  <testcase name="test_02_verify_order_not_taken_with_invalid_order_id" time="0.601" classname="com.rest.api.putApiTakeOrder"/>
  <testcase name="test_03_verify_order_not_taken_with_invalid_end_point" time="0.871" classname="com.rest.api.putApiTakeOrder"/>
  <testcase name="test_03_verify_order_not_taken_with_invalid_end_point" time="0.559" classname="com.rest.api.putApiTakeOrder"/>
</testsuite> <!-- com.rest.api.putApiTakeOrder -->
