<?xml version="1.0" encoding="UTF-8"?>
<!-- Generated by org.testng.reporters.JUnitReportReporter -->
<testsuite skipped="0" hostname="sandeep406701" name="com.rest.api.getApi" tests="14" failures="0" timestamp="08 Jan 2019 11:29:21 GMT" time="12.821" errors="0">
  <testcase name="test_03_verify_order_not_retrieved_with_invalid_end_point" time="0.633" classname="com.rest.api.getApi"/>
  <testcase name="test_02_verify_order_not_retrieved_with_invalid_order_id" time="1.137" classname="com.rest.api.getApi"/>
  <testcase name="test_03_verify_order_not_retrieved_with_invalid_end_point" time="0.694" classname="com.rest.api.getApi"/>
  <testcase name="test_01_verify_retrieve_valid_order_with_id" time="3.247" classname="com.rest.api.getApi"/>
  <testcase name="test_02_verify_order_not_retrieved_with_invalid_order_id" time="0.836" classname="com.rest.api.getApi"/>
  <testcase name="test_03_verify_order_not_retrieved_with_invalid_end_point" time="0.707" classname="com.rest.api.getApi"/>
  <testcase name="test_02_verify_order_not_retrieved_with_invalid_order_id" time="0.707" classname="com.rest.api.getApi"/>
  <testcase name="test_03_verify_order_not_retrieved_with_invalid_end_point" time="0.687" classname="com.rest.api.getApi"/>
  <testcase name="test_03_verify_order_not_retrieved_with_invalid_end_point" time="0.716" classname="com.rest.api.getApi"/>
  <testcase name="test_02_verify_order_not_retrieved_with_invalid_order_id" time="0.691" classname="com.rest.api.getApi"/>
  <testcase name="test_02_verify_order_not_retrieved_with_invalid_order_id" time="0.685" classname="com.rest.api.getApi"/>
  <testcase name="test_03_verify_order_not_retrieved_with_invalid_end_point" time="0.673" classname="com.rest.api.getApi"/>
  <testcase name="test_02_verify_order_not_retrieved_with_invalid_order_id" time="0.725" classname="com.rest.api.getApi"/>
  <testcase name="test_03_verify_order_not_retrieved_with_invalid_end_point" time="0.683" classname="com.rest.api.getApi"/>
</testsuite> <!-- com.rest.api.getApi -->
