<?xml version="1.0" encoding="UTF-8"?>
<!-- Generated by org.testng.reporters.JUnitReportReporter -->
<testsuite skipped="0" hostname="sandeep406701" name="com.rest.api.putApiTakeOrder" tests="16" failures="0" timestamp="08 Jan 2019 07:30:24 GMT" time="12.488" errors="0">
  <testcase name="test_03_verify_order_not_taken_with_invalid_end_point" time="0.689" classname="com.rest.api.putApiTakeOrder"/>
  <testcase name="test_01_verify_take_order_with_specific_order_id" time="0.724" classname="com.rest.api.putApiTakeOrder"/>
  <testcase name="test_03_verify_order_not_taken_with_invalid_end_point" time="0.615" classname="com.rest.api.putApiTakeOrder"/>
  <testcase name="test_03_verify_order_not_taken_with_invalid_end_point" time="0.612" classname="com.rest.api.putApiTakeOrder"/>
  <testcase name="test_02_verify_order_not_taken_with_invalid_order_id" time="0.605" classname="com.rest.api.putApiTakeOrder"/>
  <testcase name="test_03_verify_order_not_taken_with_invalid_end_point" time="0.601" classname="com.rest.api.putApiTakeOrder"/>
  <testcase name="test_02_verify_order_not_taken_with_invalid_order_id" time="0.661" classname="com.rest.api.putApiTakeOrder"/>
  <testcase name="test_04_verify_order_not_taken_without_placing_it" time="0.031" classname="com.rest.api.putApiTakeOrder"/>
  <testcase name="test_02_verify_order_not_taken_with_invalid_order_id" time="0.682" classname="com.rest.api.putApiTakeOrder"/>
  <testcase name="test_03_verify_order_not_taken_with_invalid_end_point" time="0.692" classname="com.rest.api.putApiTakeOrder"/>
  <testcase name="test_02_verify_order_not_taken_with_invalid_order_id" time="0.581" classname="com.rest.api.putApiTakeOrder"/>
  <testcase name="test_03_verify_order_not_taken_with_invalid_end_point" time="3.584" classname="com.rest.api.putApiTakeOrder"/>
  <testcase name="test_02_verify_order_not_taken_with_invalid_order_id" time="0.569" classname="com.rest.api.putApiTakeOrder"/>
  <testcase name="test_02_verify_order_not_taken_with_invalid_order_id" time="0.580" classname="com.rest.api.putApiTakeOrder"/>
  <testcase name="test_03_verify_order_not_taken_with_invalid_end_point" time="0.589" classname="com.rest.api.putApiTakeOrder"/>
  <testcase name="test_03_verify_order_not_taken_with_invalid_end_point" time="0.673" classname="com.rest.api.putApiTakeOrder"/>
</testsuite> <!-- com.rest.api.putApiTakeOrder -->
