<?xml version="1.0" encoding="UTF-8"?>
<!-- Generated by org.testng.reporters.JUnitReportReporter -->
<testsuite skipped="0" hostname="sandeep406701" name="com.rest.api.PutApiCompleteOrder" tests="17" failures="0" timestamp="09 Jan 2019 07:08:58 GMT" time="35.857" errors="0">
  <testcase name="test_02_verify_order_not_completed_with_invalid_order_id" time="0.690" classname="com.rest.api.PutApiCompleteOrder"/>
  <testcase name="test_01_verify_complete_an_ongoing_order_with_specific_order_id" time="4.848" classname="com.rest.api.PutApiCompleteOrder"/>
  <testcase name="test_03_verify_order_not_completed_with_invalid_end_point" time="2.153" classname="com.rest.api.PutApiCompleteOrder"/>
  <testcase name="test_03_verify_order_not_completed_with_invalid_end_point" time="2.304" classname="com.rest.api.PutApiCompleteOrder"/>
  <testcase name="test_02_verify_order_not_completed_with_invalid_order_id" time="0.781" classname="com.rest.api.PutApiCompleteOrder"/>
  <testcase name="test_02_verify_order_not_completed_with_invalid_order_id" time="0.755" classname="com.rest.api.PutApiCompleteOrder"/>
  <testcase name="test_03_verify_order_not_completed_with_invalid_end_point" time="3.623" classname="com.rest.api.PutApiCompleteOrder"/>
  <testcase name="test_03_verify_order_not_completed_with_invalid_end_point" time="1.872" classname="com.rest.api.PutApiCompleteOrder"/>
  <testcase name="test_03_verify_order_not_completed_with_invalid_end_point" time="3.272" classname="com.rest.api.PutApiCompleteOrder"/>
  <testcase name="test_03_verify_order_not_completed_with_invalid_end_point" time="5.289" classname="com.rest.api.PutApiCompleteOrder"/>
  <testcase name="test_03_verify_order_not_completed_with_invalid_end_point" time="1.577" classname="com.rest.api.PutApiCompleteOrder"/>
  <testcase name="test_05_verify_order_not_completed_for_an_already_completed_order_with_specific_order_id" time="1.776" classname="com.rest.api.PutApiCompleteOrder"/>
  <testcase name="test_02_verify_order_not_completed_with_invalid_order_id" time="1.315" classname="com.rest.api.PutApiCompleteOrder"/>
  <testcase name="test_02_verify_order_not_completed_with_invalid_order_id" time="0.873" classname="com.rest.api.PutApiCompleteOrder"/>
  <testcase name="test_03_verify_order_not_completed_with_invalid_end_point" time="3.426" classname="com.rest.api.PutApiCompleteOrder"/>
  <testcase name="test_04_verify_order_not_completed_without_placing_it" time="0.022" classname="com.rest.api.PutApiCompleteOrder"/>
  <testcase name="test_02_verify_order_not_completed_with_invalid_order_id" time="1.281" classname="com.rest.api.PutApiCompleteOrder"/>
</testsuite> <!-- com.rest.api.PutApiCompleteOrder -->
