<?xml version="1.0" encoding="UTF-8"?>
<!-- Generated by org.testng.reporters.JUnitReportReporter -->
<testsuite skipped="0" hostname="sandeep406701" name="com.rest.api.GetApi" tests="14" failures="0" timestamp="09 Jan 2019 07:07:05 GMT" time="37.337" errors="0">
  <testcase name="test_03_verify_order_not_retrieved_with_invalid_end_point" time="1.985" classname="com.rest.api.GetApi"/>
  <testcase name="test_02_verify_order_not_retrieved_with_invalid_order_id" time="0.731" classname="com.rest.api.GetApi"/>
  <testcase name="test_03_verify_order_not_retrieved_with_invalid_end_point" time="1.123" classname="com.rest.api.GetApi"/>
  <testcase name="test_03_verify_order_not_retrieved_with_invalid_end_point" time="1.010" classname="com.rest.api.GetApi"/>
  <testcase name="test_01_verify_retrieve_valid_order_with_id" time="22.808" classname="com.rest.api.GetApi"/>
  <testcase name="test_03_verify_order_not_retrieved_with_invalid_end_point" time="0.962" classname="com.rest.api.GetApi"/>
  <testcase name="test_03_verify_order_not_retrieved_with_invalid_end_point" time="1.446" classname="com.rest.api.GetApi"/>
  <testcase name="test_02_verify_order_not_retrieved_with_invalid_order_id" time="0.556" classname="com.rest.api.GetApi"/>
  <testcase name="test_02_verify_order_not_retrieved_with_invalid_order_id" time="0.735" classname="com.rest.api.GetApi"/>
  <testcase name="test_03_verify_order_not_retrieved_with_invalid_end_point" time="0.916" classname="com.rest.api.GetApi"/>
  <testcase name="test_02_verify_order_not_retrieved_with_invalid_order_id" time="0.802" classname="com.rest.api.GetApi"/>
  <testcase name="test_02_verify_order_not_retrieved_with_invalid_order_id" time="1.780" classname="com.rest.api.GetApi"/>
  <testcase name="test_02_verify_order_not_retrieved_with_invalid_order_id" time="1.433" classname="com.rest.api.GetApi"/>
  <testcase name="test_03_verify_order_not_retrieved_with_invalid_end_point" time="1.050" classname="com.rest.api.GetApi"/>
</testsuite> <!-- com.rest.api.GetApi -->
