<?xml version="1.0" encoding="UTF-8"?>
<!-- Generated by org.testng.reporters.JUnitReportReporter -->
<testsuite skipped="0" hostname="sandeep406701" name="com.rest.api.getApi" tests="14" failures="0" timestamp="08 Jan 2019 07:30:24 GMT" time="14.459" errors="0">
  <testcase name="test_03_verify_order_not_retrieved_with_invalid_end_point" time="0.609" classname="com.rest.api.getApi"/>
  <testcase name="test_02_verify_order_not_retrieved_with_invalid_order_id" time="0.678" classname="com.rest.api.getApi"/>
  <testcase name="test_03_verify_order_not_retrieved_with_invalid_end_point" time="0.560" classname="com.rest.api.getApi"/>
  <testcase name="test_01_verify_retrieve_valid_order_with_id" time="2.965" classname="com.rest.api.getApi"/>
  <testcase name="test_02_verify_order_not_retrieved_with_invalid_order_id" time="3.729" classname="com.rest.api.getApi"/>
  <testcase name="test_03_verify_order_not_retrieved_with_invalid_end_point" time="0.613" classname="com.rest.api.getApi"/>
  <testcase name="test_02_verify_order_not_retrieved_with_invalid_order_id" time="0.715" classname="com.rest.api.getApi"/>
  <testcase name="test_03_verify_order_not_retrieved_with_invalid_end_point" time="0.575" classname="com.rest.api.getApi"/>
  <testcase name="test_03_verify_order_not_retrieved_with_invalid_end_point" time="0.796" classname="com.rest.api.getApi"/>
  <testcase name="test_02_verify_order_not_retrieved_with_invalid_order_id" time="0.702" classname="com.rest.api.getApi"/>
  <testcase name="test_02_verify_order_not_retrieved_with_invalid_order_id" time="0.684" classname="com.rest.api.getApi"/>
  <testcase name="test_03_verify_order_not_retrieved_with_invalid_end_point" time="0.669" classname="com.rest.api.getApi"/>
  <testcase name="test_02_verify_order_not_retrieved_with_invalid_order_id" time="0.591" classname="com.rest.api.getApi"/>
  <testcase name="test_03_verify_order_not_retrieved_with_invalid_end_point" time="0.573" classname="com.rest.api.getApi"/>
</testsuite> <!-- com.rest.api.getApi -->
