<?xml version="1.0" encoding="UTF-8"?>
<!-- Generated by org.testng.reporters.JUnitReportReporter -->
<testsuite skipped="0" hostname="sandeep406701" name="com.rest.api.putApiCompleteOrder" tests="17" failures="0" timestamp="08 Jan 2019 11:29:21 GMT" time="17.790" errors="0">
  <testcase name="test_01_verify_complete_an_ongoing_order_with_specific_order_id" time="0.760" classname="com.rest.api.putApiCompleteOrder"/>
  <testcase name="test_02_verify_order_not_completed_with_invalid_order_id" time="0.663" classname="com.rest.api.putApiCompleteOrder"/>
  <testcase name="test_03_verify_order_not_completed_with_invalid_end_point" time="0.987" classname="com.rest.api.putApiCompleteOrder"/>
  <testcase name="test_02_verify_order_not_completed_with_invalid_order_id" time="0.723" classname="com.rest.api.putApiCompleteOrder"/>
  <testcase name="test_03_verify_order_not_completed_with_invalid_end_point" time="0.698" classname="com.rest.api.putApiCompleteOrder"/>
  <testcase name="test_02_verify_order_not_completed_with_invalid_order_id" time="3.717" classname="com.rest.api.putApiCompleteOrder"/>
  <testcase name="test_02_verify_order_not_completed_with_invalid_order_id" time="0.668" classname="com.rest.api.putApiCompleteOrder"/>
  <testcase name="test_02_verify_order_not_completed_with_invalid_order_id" time="0.716" classname="com.rest.api.putApiCompleteOrder"/>
  <testcase name="test_03_verify_order_not_completed_with_invalid_end_point" time="0.845" classname="com.rest.api.putApiCompleteOrder"/>
  <testcase name="test_04_verify_order_not_completed_without_placing_it" time="0.018" classname="com.rest.api.putApiCompleteOrder"/>
  <testcase name="test_02_verify_order_not_completed_with_invalid_order_id" time="3.677" classname="com.rest.api.putApiCompleteOrder"/>
  <testcase name="test_03_verify_order_not_completed_with_invalid_end_point" time="0.799" classname="com.rest.api.putApiCompleteOrder"/>
  <testcase name="test_03_verify_order_not_completed_with_invalid_end_point" time="0.813" classname="com.rest.api.putApiCompleteOrder"/>
  <testcase name="test_03_verify_order_not_completed_with_invalid_end_point" time="0.703" classname="com.rest.api.putApiCompleteOrder"/>
  <testcase name="test_03_verify_order_not_completed_with_invalid_end_point" time="0.693" classname="com.rest.api.putApiCompleteOrder"/>
  <testcase name="test_05_verify_order_not_completed_for_an_already_completed_order_with_specific_order_id" time="0.670" classname="com.rest.api.putApiCompleteOrder"/>
  <testcase name="test_03_verify_order_not_completed_with_invalid_end_point" time="0.640" classname="com.rest.api.putApiCompleteOrder"/>
</testsuite> <!-- com.rest.api.putApiCompleteOrder -->
