<?xml version="1.0" encoding="UTF-8"?>
<!-- Generated by org.testng.reporters.JUnitReportReporter -->
<testsuite skipped="0" hostname="sandeep406701" name="com.rest.api.getApi" tests="14" failures="0" timestamp="08 Jan 2019 05:43:06 GMT" time="8.833" errors="0">
  <testcase name="test_03_verify_order_not_retrieved_with_invalid_end_point" time="0.477" classname="com.rest.api.getApi"/>
  <testcase name="test_03_verify_order_not_retrieved_with_invalid_end_point" time="0.451" classname="com.rest.api.getApi"/>
  <testcase name="test_02_verify_order_not_retrieved_with_invalid_order_id" time="0.465" classname="com.rest.api.getApi"/>
  <testcase name="test_03_verify_order_not_retrieved_with_invalid_end_point" time="0.445" classname="com.rest.api.getApi"/>
  <testcase name="test_03_verify_order_not_retrieved_with_invalid_end_point" time="0.468" classname="com.rest.api.getApi"/>
  <testcase name="test_02_verify_order_not_retrieved_with_invalid_order_id" time="0.534" classname="com.rest.api.getApi"/>
  <testcase name="test_03_verify_order_not_retrieved_with_invalid_end_point" time="0.508" classname="com.rest.api.getApi"/>
  <testcase name="test_01_verify_retrieve_valid_order_with_id" time="2.504" classname="com.rest.api.getApi"/>
  <testcase name="test_03_verify_order_not_retrieved_with_invalid_end_point" time="0.447" classname="com.rest.api.getApi"/>
  <testcase name="test_02_verify_order_not_retrieved_with_invalid_order_id" time="0.510" classname="com.rest.api.getApi"/>
  <testcase name="test_02_verify_order_not_retrieved_with_invalid_order_id" time="0.477" classname="com.rest.api.getApi"/>
  <testcase name="test_02_verify_order_not_retrieved_with_invalid_order_id" time="0.630" classname="com.rest.api.getApi"/>
  <testcase name="test_02_verify_order_not_retrieved_with_invalid_order_id" time="0.455" classname="com.rest.api.getApi"/>
  <testcase name="test_03_verify_order_not_retrieved_with_invalid_end_point" time="0.462" classname="com.rest.api.getApi"/>
</testsuite> <!-- com.rest.api.getApi -->
